<env:Envelope xmlns:env="http://www.w3.org/2003/05/soap-envelope">
    <env:Header/>
    <env:Body>
        <n0:ZDM_018_INT_04Response xmlns:n0="urn:sap-com:document:sap:rfc:functions">
            <E_ERROR/>
            <T_FACTURAS_OUT>
                <item>
                    <SERVICIO>2189842</SERVICIO>
                    <FECFAC>15/11/2023</FECFAC>
                    <LECTURA>                859</LECTURA>
                    <CONSUMO>                 18</CONSUMO>
                    <MONFAC>                 18</MONFAC>
                    <SALANT>                  0</SALANT>
                    <TOTBOL>             11.380</TOTBOL>
                    <TIPDOC>39</TIPDOC>
                    <FOLIO>SII-000092436769</FOLIO>
                </item>
                <item>
                    <SERVICIO>2189842</SERVICIO>
                    <FECFAC>16/10/2023</FECFAC>
                    <LECTURA>                841</LECTURA>
                    <CONSUMO>                 12</CONSUMO>
                    <MONFAC>                 12</MONFAC>
                    <SALANT>                  0</SALANT>
                    <TOTBOL>              5.800</TOTBOL>
                    <TIPDOC>39</TIPDOC>
                    <FOLIO>SII-000091612813</FOLIO>
                </item>
                <item>
                    <SERVICIO>2189842</SERVICIO>
                    <FECFAC>14/09/2023</FECFAC>
                    <LECTURA>                829</LECTURA>
                    <CONSUMO>                 15</CONSUMO>
                    <MONFAC>                 15</MONFAC>
                    <SALANT>                  0</SALANT>
                    <TOTBOL>              7.190</TOTBOL>
                    <TIPDOC>39</TIPDOC>
                    <FOLIO>SII-000090720750</FOLIO>
                </item>
                <item>
                    <SERVICIO>2189842</SERVICIO>
                    <FECFAC>14/08/2023</FECFAC>
                    <LECTURA>                814</LECTURA>
                    <CONSUMO>                  7</CONSUMO>
                    <MONFAC>                  7</MONFAC>
                    <SALANT>                  0</SALANT>
                    <TOTBOL>              3.520</TOTBOL>
                    <TIPDOC>39</TIPDOC>
                    <FOLIO>SII-000089893000</FOLIO>
                </item>
                <item>
                    <SERVICIO>2189842</SERVICIO>
                    <FECFAC>14/07/2023</FECFAC>
                    <LECTURA>                807</LECTURA>
                    <CONSUMO>                 21</CONSUMO>
                    <MONFAC>                 21</MONFAC>
                    <SALANT>                  0</SALANT>
                    <TOTBOL>             15.570</TOTBOL>
                    <TIPDOC>39</TIPDOC>
                    <FOLIO>SII-000089042223</FOLIO>
                </item>
                <item>
                    <SERVICIO>2189842</SERVICIO>
                    <FECFAC>14/06/2023</FECFAC>
                    <LECTURA>                786</LECTURA>
                    <CONSUMO>                 13</CONSUMO>
                    <MONFAC>                 13</MONFAC>
                    <SALANT>                  0</SALANT>
                    <TOTBOL>              2.570</TOTBOL>
                    <TIPDOC>39</TIPDOC>
                    <FOLIO>SII-000088189427</FOLIO>
                </item>
                <item>
                    <SERVICIO>2189842</SERVICIO>
                    <FECFAC>15/05/2023</FECFAC>
                    <LECTURA>                773</LECTURA>
                    <CONSUMO>                 15</CONSUMO>
                    <MONFAC>                 15</MONFAC>
                    <SALANT>                  0</SALANT>
                    <TOTBOL>              7.190</TOTBOL>
                    <TIPDOC>39</TIPDOC>
                    <FOLIO>SII-000087338965</FOLIO>
                </item>
                <item>
                    <SERVICIO>2189842</SERVICIO>
                    <FECFAC>14/04/2023</FECFAC>
                    <LECTURA>                758</LECTURA>
                    <CONSUMO>                 18</CONSUMO>
                    <MONFAC>                 18</MONFAC>
                    <SALANT>                  0</SALANT>
                    <TOTBOL>             11.360</TOTBOL>
                    <TIPDOC>39</TIPDOC>
                    <FOLIO>SII-000086510796</FOLIO>
                </item>
                <item>
                    <SERVICIO>2189842</SERVICIO>
                    <FECFAC>15/03/2023</FECFAC>
                    <LECTURA>                740</LECTURA>
                    <CONSUMO>                 20</CONSUMO>
                    <MONFAC>                 20</MONFAC>
                    <SALANT>                293</SALANT>
                    <TOTBOL>             12.477</TOTBOL>
                    <TIPDOC>39</TIPDOC>
                    <FOLIO>SII-000085664572</FOLIO>
                </item>
                <item>
                    <SERVICIO>2189842</SERVICIO>
                    <FECFAC>13/02/2023</FECFAC>
                    <LECTURA>                721</LECTURA>
                    <CONSUMO>                 20</CONSUMO>
                    <MONFAC>                 20</MONFAC>
                    <SALANT>                  0</SALANT>
                    <TOTBOL>             14.170</TOTBOL>
                    <TIPDOC>39</TIPDOC>
                    <FOLIO>SII-000084800392</FOLIO>
                </item>
                <item>
                    <SERVICIO>2189842</SERVICIO>
                    <FECFAC>16/01/2023</FECFAC>
                    <LECTURA>                701</LECTURA>
                    <CONSUMO>                 15</CONSUMO>
                    <MONFAC>                 15</MONFAC>
                    <SALANT>                  0</SALANT>
                    <TOTBOL>              4.430</TOTBOL>
                    <TIPDOC>39</TIPDOC>
                    <FOLIO>SII-000083958792</FOLIO>
                </item>
                <item>
                    <SERVICIO>2189842</SERVICIO>
                    <FECFAC>15/12/2022</FECFAC>
                    <LECTURA>                692</LECTURA>
                    <CONSUMO>                 20</CONSUMO>
                    <MONFAC>                 20</MONFAC>
                    <SALANT>                  0</SALANT>
                    <TOTBOL>             13.970</TOTBOL>
                    <TIPDOC>39</TIPDOC>
                    <FOLIO>SII-000083104501</FOLIO>
                </item>
            </T_FACTURAS_OUT>
        </n0:ZDM_018_INT_04Response>
    </env:Body>
</env:Envelope>